<?xml version="1.0" encoding="UTF-8"?>
<!-- Generated by org.testng.reporters.JUnitReportReporter -->
<testsuite hostname="LAPTOP-FNO7GPH6" name="org.sample.NxtGen" tests="1" failures="0" timestamp="17 Oct 2023 05:41:00 GMT" time="4.977" errors="0">
  <testcase name="tc1" time="4.977" classname="org.sample.NxtGen"/>
</testsuite> <!-- org.sample.NxtGen -->
